<?xml version="1.0" encoding="UTF-8"?>
<testsuite xmlns:xsi="http://www.w3.org/2001/XMLSchema-instance" xsi:noNamespaceSchemaLocation="https://maven.apache.org/surefire/maven-surefire-plugin/xsd/surefire-test-report.xsd" name="org.example.QuadraticServiceTest" time="0.001" tests="3" errors="0" skipped="0" failures="0">
  <properties>
[...]
</properties>
  <testcase name="coefficientsBAndCAreZero{double, double, double, Double[]}[1]" classname="org.example.QuadraticServiceTest" time="0.06"/>
  <testcase name="coefficientsBAndCAreZero{double, double, double, Double[]}[2]" classname="org.example.QuadraticServiceTest" time="0.002"/>
  <testcase name="coefficientBIsZero{double, double, double, Double[]}[1]" classname="org.example.QuadraticServiceTest" time="0.005"/>
  <testcase name="coefficientBIsZero{double, double, double, Double[]}[2]" classname="org.example.QuadraticServiceTest" time="0.01"/>
  <testcase name="coefficientBIsZero{double, double, double, Double[]}[3]" classname="org.example.QuadraticServiceTest" time="0.001"/>
  <testcase name="coefficientBIsZero{double, double, double, Double[]}[4]" classname="org.example.QuadraticServiceTest" time="0"/>
  <testcase name="coefficientCIsZero{double, double, double, Double[]}[1]" classname="org.example.QuadraticServiceTest" time="0.004"/>
  <testcase name="coefficientCIsZero{double, double, double, Double[]}[2]" classname="org.example.QuadraticServiceTest" time="0"/>
  <testcase name="coefficientCIsZero{double, double, double, Double[]}[3]" classname="org.example.QuadraticServiceTest" time="0.001"/>
  <testcase name="coefficientCIsZero{double, double, double, Double[]}[4]" classname="org.example.QuadraticServiceTest" time="0.001"/>
  <testcase name="twoExistingRoots" classname="org.example.QuadraticServiceTest" time="0"/>
  <testcase name="oneExitingRoot" classname="org.example.QuadraticServiceTest" time="0"/>
  <testcase name="noRoots" classname="org.example.QuadraticServiceTest" time="0"/>
</testsuite>